<?xml version="1.0" encoding="UTF-8"?>
<!-- Generated by org.testng.reporters.JUnitXMLReporter -->
<testsuite ignored="4" hostname="LAPTOP-10PH0ERN" failures="0" tests="1" name="Default test" time="8.174" errors="0" timestamp="2023-05-24T19:20:05 EET">
  <testcase classname="LastTest" name="search_for_dog1" time="5.796"/>
  <testcase classname="LastTest" name="verify_selecting_random_animal" time="0.0">
    <ignored/>
  </testcase> <!-- verify_selecting_random_animal -->
  <testcase classname="LastTest" name="check_out" time="0.0">
    <ignored/>
  </testcase> <!-- check_out -->
  <testcase classname="LastTest" name="verify_filling_contact_form_and_submit" time="0.0">
    <ignored/>
  </testcase> <!-- verify_filling_contact_form_and_submit -->
  <testcase classname="LastTest" name="search_for_cat" time="0.0">
    <ignored/>
  </testcase> <!-- search_for_cat -->
</testsuite> <!-- Default test -->
