<?xml version="1.0" encoding="UTF-8"?>
<testng-results ignored="4" total="5" passed="1" failed="0" skipped="0">
  <reporter-output>
  </reporter-output>
  <suite started-at="2023-05-24T19:19:57 EET" name="Default suite" finished-at="2023-05-24T19:20:05 EET" duration-ms="8174">
    <groups>
    </groups>
    <test started-at="2023-05-24T19:19:57 EET" name="Default test" finished-at="2023-05-24T19:20:05 EET" duration-ms="8174">
      <class name="LastTest">
        <test-method is-config="true" signature="BeforTest()[pri:0, instance:LastTest@5942ee04]" started-at="2023-05-24T19:19:57 EET" name="BeforTest" finished-at="2023-05-24T19:19:59 EET" duration-ms="2212" status="PASS">
          <reporter-output>
          </reporter-output>
        </test-method> <!-- BeforTest -->
        <test-method signature="search_for_dog1()[pri:1, instance:LastTest@5942ee04]" started-at="2023-05-24T19:19:59 EET" name="search_for_dog1" finished-at="2023-05-24T19:20:05 EET" duration-ms="5796" status="PASS">
          <reporter-output>
          </reporter-output>
        </test-method> <!-- search_for_dog1 -->
        <test-method is-config="true" signature="AfterTest()[pri:0, instance:LastTest@5942ee04]" started-at="2023-05-24T19:20:05 EET" name="AfterTest" finished-at="2023-05-24T19:20:05 EET" duration-ms="127" status="PASS">
          <reporter-output>
          </reporter-output>
        </test-method> <!-- AfterTest -->
      </class> <!-- LastTest -->
    </test> <!-- Default test -->
  </suite> <!-- Default suite -->
</testng-results>
